<?xml version="1.0" encoding="utf-8"?>
<coverage line-rate="0.6886" branch-rate="0.42" version="1.9" timestamp="1761784479" lines-covered="1816" lines-valid="2637" branches-covered="84" branches-valid="200">
  <sources>
    <source>/home/diego/repos/mvp_cadastro_livros/backend/src/</source>
  </sources>
  <packages>
    <package name="BookStore.Domain" line-rate="0.5824" branch-rate="0.5" complexity="85">
      <classes>
        <class name="BookStore.Domain.Interfaces.ReportData" filename="BookStore.Domain/Interfaces/IReportRepository.cs" line-rate="0" branch-rate="1" complexity="9">
          <methods>
            <method name="get_AutorId" signature="()" line-rate="0" branch-rate="1" complexity="1">
              <lines>
                <line number="20" hits="0" branch="False" />
              </lines>
            </method>
            <method name="get_AutorNome" signature="()" line-rate="0" branch-rate="1" complexity="1">
              <lines>
                <line number="21" hits="0" branch="False" />
              </lines>
            </method>
            <method name="get_LivroId" signature="()" line-rate="0" branch-rate="1" complexity="1">
              <lines>
                <line number="22" hits="0" branch="False" />
              </lines>
            </method>
            <method name="get_LivroTitulo" signature="()" line-rate="0" branch-rate="1" complexity="1">
              <lines>
                <line number="23" hits="0" branch="False" />
              </lines>
            </method>
            <method name="get_Editora" signature="()" line-rate="0" branch-rate="1" complexity="1">
              <lines>
                <line number="24" hits="0" branch="False" />
              </lines>
            </method>
            <method name="get_Edicao" signature="()" line-rate="0" branch-rate="1" complexity="1">
              <lines>
                <line number="25" hits="0" branch="False" />
              </lines>
            </method>
            <method name="get_AnoPublicacao" signature="()" line-rate="0" branch-rate="1" complexity="1">
              <lines>
                <line number="26" hits="0" branch="False" />
              </lines>
            </method>
            <method name="get_Assuntos" signature="()" line-rate="0" branch-rate="1" complexity="1">
              <lines>
                <line number="27" hits="0" branch="False" />
              </lines>
            </method>
            <method name="get_FormasCompra" signature="()" line-rate="0" branch-rate="1" complexity="1">
              <lines>
                <line number="28" hits="0" branch="False" />
              </lines>
            </method>
          </methods>
          <lines>
            <line number="20" hits="0" branch="False" />
            <line number="21" hits="0" branch="False" />
            <line number="22" hits="0" branch="False" />
            <line number="23" hits="0" branch="False" />
            <line number="24" hits="0" branch="False" />
            <line number="25" hits="0" branch="False" />
            <line number="26" hits="0" branch="False" />
            <line number="27" hits="0" branch="False" />
            <line number="28" hits="0" branch="False" />
          </lines>
        </class>
        <class name="BookStore.Domain.Entities.Assunto" filename="BookStore.Domain/Entities/Assunto.cs" line-rate="0.7777" branch-rate="0.5" complexity="7">
          <methods>
            <method name="get_CodAs" signature="()" line-rate="1" branch-rate="1" complexity="1">
              <lines>
                <line number="8" hits="8" branch="False" />
              </lines>
            </method>
            <method name="get_Descricao" signature="()" line-rate="1" branch-rate="1" complexity="1">
              <lines>
                <line number="9" hits="35" branch="False" />
              </lines>
            </method>
            <method name="get_LivroAssuntos" signature="()" line-rate="1" branch-rate="1" complexity="1">
              <lines>
                <line number="12" hits="9" branch="False" />
              </lines>
            </method>
            <method name="Validate" signature="()" line-rate="0.6666" branch-rate="0.5" complexity="4">
              <lines>
                <line number="16" hits="6" branch="False" />
                <line number="17" hits="6" branch="True" condition-coverage="50% (1/2)">
                  <conditions>
                    <condition number="14" type="jump" coverage="50%" />
                  </conditions>
                </line>
                <line number="18" hits="0" branch="False" />
                <line number="20" hits="6" branch="True" condition-coverage="50% (1/2)">
                  <conditions>
                    <condition number="44" type="jump" coverage="50%" />
                  </conditions>
                </line>
                <line number="21" hits="0" branch="False" />
                <line number="22" hits="6" branch="False" />
              </lines>
            </method>
          </methods>
          <lines>
            <line number="8" hits="8" branch="False" />
            <line number="9" hits="35" branch="False" />
            <line number="12" hits="9" branch="False" />
            <line number="16" hits="6" branch="False" />
            <line number="17" hits="6" branch="True" condition-coverage="50% (1/2)">
              <conditions>
                <condition number="14" type="jump" coverage="50%" />
              </conditions>
            </line>
            <line number="18" hits="0" branch="False" />
            <line number="20" hits="6" branch="True" condition-coverage="50% (1/2)">
              <conditions>
                <condition number="44" type="jump" coverage="50%" />
              </conditions>
            </line>
            <line number="21" hits="0" branch="False" />
            <line number="22" hits="6" branch="False" />
          </lines>
        </class>
        <class name="BookStore.Domain.Entities.Autor" filename="BookStore.Domain/Entities/Autor.cs" line-rate="0.7777" branch-rate="0.5" complexity="7">
          <methods>
            <method name="get_CodAu" signature="()" line-rate="1" branch-rate="1" complexity="1">
              <lines>
                <line number="8" hits="8" branch="False" />
              </lines>
            </method>
            <method name="get_Nome" signature="()" line-rate="1" branch-rate="1" complexity="1">
              <lines>
                <line number="9" hits="35" branch="False" />
              </lines>
            </method>
            <method name="get_LivroAutores" signature="()" line-rate="1" branch-rate="1" complexity="1">
              <lines>
                <line number="12" hits="9" branch="False" />
              </lines>
            </method>
            <method name="Validate" signature="()" line-rate="0.6666" branch-rate="0.5" complexity="4">
              <lines>
                <line number="16" hits="6" branch="False" />
                <line number="17" hits="6" branch="True" condition-coverage="50% (1/2)">
                  <conditions>
                    <condition number="14" type="jump" coverage="50%" />
                  </conditions>
                </line>
                <line number="18" hits="0" branch="False" />
                <line number="20" hits="6" branch="True" condition-coverage="50% (1/2)">
                  <conditions>
                    <condition number="44" type="jump" coverage="50%" />
                  </conditions>
                </line>
                <line number="21" hits="0" branch="False" />
                <line number="22" hits="6" branch="False" />
              </lines>
            </method>
          </methods>
          <lines>
            <line number="8" hits="8" branch="False" />
            <line number="9" hits="35" branch="False" />
            <line number="12" hits="9" branch="False" />
            <line number="16" hits="6" branch="False" />
            <line number="17" hits="6" branch="True" condition-coverage="50% (1/2)">
              <conditions>
                <condition number="14" type="jump" coverage="50%" />
              </conditions>
            </line>
            <line number="18" hits="0" branch="False" />
            <line number="20" hits="6" branch="True" condition-coverage="50% (1/2)">
              <conditions>
                <condition number="44" type="jump" coverage="50%" />
              </conditions>
            </line>
            <line number="21" hits="0" branch="False" />
            <line number="22" hits="6" branch="False" />
          </lines>
        </class>
        <class name="BookStore.Domain.Entities.FormaCompra" filename="BookStore.Domain/Entities/FormaCompra.cs" line-rate="0.7777" branch-rate="0.5" complexity="7">
          <methods>
            <method name="get_CodFc" signature="()" line-rate="1" branch-rate="1" complexity="1">
              <lines>
                <line number="8" hits="8" branch="False" />
              </lines>
            </method>
            <method name="get_Descricao" signature="()" line-rate="1" branch-rate="1" complexity="1">
              <lines>
                <line number="9" hits="35" branch="False" />
              </lines>
            </method>
            <method name="get_LivroPrecos" signature="()" line-rate="1" branch-rate="1" complexity="1">
              <lines>
                <line number="12" hits="9" branch="False" />
              </lines>
            </method>
            <method name="Validate" signature="()" line-rate="0.6666" branch-rate="0.5" complexity="4">
              <lines>
                <line number="16" hits="6" branch="False" />
                <line number="17" hits="6" branch="True" condition-coverage="50% (1/2)">
                  <conditions>
                    <condition number="14" type="jump" coverage="50%" />
                  </conditions>
                </line>
                <line number="18" hits="0" branch="False" />
                <line number="20" hits="6" branch="True" condition-coverage="50% (1/2)">
                  <conditions>
                    <condition number="44" type="jump" coverage="50%" />
                  </conditions>
                </line>
                <line number="21" hits="0" branch="False" />
                <line number="22" hits="6" branch="False" />
              </lines>
            </method>
          </methods>
          <lines>
            <line number="8" hits="8" branch="False" />
            <line number="9" hits="35" branch="False" />
            <line number="12" hits="9" branch="False" />
            <line number="16" hits="6" branch="False" />
            <line number="17" hits="6" branch="True" condition-coverage="50% (1/2)">
              <conditions>
                <condition number="14" type="jump" coverage="50%" />
              </conditions>
            </line>
            <line number="18" hits="0" branch="False" />
            <line number="20" hits="6" branch="True" condition-coverage="50% (1/2)">
              <conditions>
                <condition number="44" type="jump" coverage="50%" />
              </conditions>
            </line>
            <line number="21" hits="0" branch="False" />
            <line number="22" hits="6" branch="False" />
          </lines>
        </class>
        <class name="BookStore.Domain.Entities.Livro" filename="BookStore.Domain/Entities/Livro.cs" line-rate="0.6923" branch-rate="0.5" complexity="28">
          <methods>
            <method name="get_CodI" signature="()" line-rate="1" branch-rate="1" complexity="1">
              <lines>
                <line number="8" hits="2" branch="False" />
              </lines>
            </method>
            <method name="get_Titulo" signature="()" line-rate="1" branch-rate="1" complexity="1">
              <lines>
                <line number="9" hits="5" branch="False" />
              </lines>
            </method>
            <method name="get_Editora" signature="()" line-rate="1" branch-rate="1" complexity="1">
              <lines>
                <line number="10" hits="5" branch="False" />
              </lines>
            </method>
            <method name="get_Edicao" signature="()" line-rate="1" branch-rate="1" complexity="1">
              <lines>
                <line number="11" hits="3" branch="False" />
              </lines>
            </method>
            <method name="get_AnoPublicacao" signature="()" line-rate="1" branch-rate="1" complexity="1">
              <lines>
                <line number="12" hits="6" branch="False" />
              </lines>
            </method>
            <method name="get_LivroAutores" signature="()" line-rate="1" branch-rate="1" complexity="1">
              <lines>
                <line number="15" hits="3" branch="False" />
              </lines>
            </method>
            <method name="get_LivroAssuntos" signature="()" line-rate="1" branch-rate="1" complexity="1">
              <lines>
                <line number="16" hits="3" branch="False" />
              </lines>
            </method>
            <method name="get_LivroPrecos" signature="()" line-rate="1" branch-rate="1" complexity="1">
              <lines>
                <line number="17" hits="3" branch="False" />
              </lines>
            </method>
            <method name="Validate" signature="()" line-rate="0.5555" branch-rate="0.5" complexity="20">
              <lines>
                <line number="21" hits="1" branch="False" />
                <line number="22" hits="1" branch="True" condition-coverage="50% (1/2)">
                  <conditions>
                    <condition number="14" type="jump" coverage="50%" />
                  </conditions>
                </line>
                <line number="23" hits="0" branch="False" />
                <line number="25" hits="1" branch="True" condition-coverage="50% (1/2)">
                  <conditions>
                    <condition number="44" type="jump" coverage="50%" />
                  </conditions>
                </line>
                <line number="26" hits="0" branch="False" />
                <line number="28" hits="1" branch="True" condition-coverage="50% (1/2)">
                  <conditions>
                    <condition number="70" type="jump" coverage="50%" />
                  </conditions>
                </line>
                <line number="29" hits="0" branch="False" />
                <line number="31" hits="1" branch="True" condition-coverage="50% (1/2)">
                  <conditions>
                    <condition number="102" type="jump" coverage="50%" />
                  </conditions>
                </line>
                <line number="32" hits="0" branch="False" />
                <line number="34" hits="1" branch="True" condition-coverage="50% (1/2)">
                  <conditions>
                    <condition number="131" type="jump" coverage="50%" />
                  </conditions>
                </line>
                <line number="35" hits="0" branch="False" />
                <line number="37" hits="1" branch="True" condition-coverage="50% (1/2)">
                  <conditions>
                    <condition number="159" type="jump" coverage="50%" />
                  </conditions>
                </line>
                <line number="38" hits="0" branch="False" />
                <line number="40" hits="1" branch="True" condition-coverage="50% (1/2)">
                  <conditions>
                    <condition number="193" type="jump" coverage="50%" />
                  </conditions>
                </line>
                <line number="41" hits="0" branch="False" />
                <line number="43" hits="1" branch="True" condition-coverage="50% (3/6)">
                  <conditions>
                    <condition number="219" type="jump" coverage="50%" />
                    <condition number="227" type="jump" coverage="50%" />
                    <condition number="244" type="jump" coverage="50%" />
                  </conditions>
                </line>
                <line number="44" hits="0" branch="False" />
                <line number="45" hits="1" branch="False" />
              </lines>
            </method>
          </methods>
          <lines>
            <line number="8" hits="2" branch="False" />
            <line number="9" hits="5" branch="False" />
            <line number="10" hits="5" branch="False" />
            <line number="11" hits="3" branch="False" />
            <line number="12" hits="6" branch="False" />
            <line number="15" hits="3" branch="False" />
            <line number="16" hits="3" branch="False" />
            <line number="17" hits="3" branch="False" />
            <line number="21" hits="1" branch="False" />
            <line number="22" hits="1" branch="True" condition-coverage="50% (1/2)">
              <conditions>
                <condition number="14" type="jump" coverage="50%" />
              </conditions>
            </line>
            <line number="23" hits="0" branch="False" />
            <line number="25" hits="1" branch="True" condition-coverage="50% (1/2)">
              <conditions>
                <condition number="44" type="jump" coverage="50%" />
              </conditions>
            </line>
            <line number="26" hits="0" branch="False" />
            <line number="28" hits="1" branch="True" condition-coverage="50% (1/2)">
              <conditions>
                <condition number="70" type="jump" coverage="50%" />
              </conditions>
            </line>
            <line number="29" hits="0" branch="False" />
            <line number="31" hits="1" branch="True" condition-coverage="50% (1/2)">
              <conditions>
                <condition number="102" type="jump" coverage="50%" />
              </conditions>
            </line>
            <line number="32" hits="0" branch="False" />
            <line number="34" hits="1" branch="True" condition-coverage="50% (1/2)">
              <conditions>
                <condition number="131" type="jump" coverage="50%" />
              </conditions>
            </line>
            <line number="35" hits="0" branch="False" />
            <line number="37" hits="1" branch="True" condition-coverage="50% (1/2)">
              <conditions>
                <condition number="159" type="jump" coverage="50%" />
              </conditions>
            </line>
            <line number="38" hits="0" branch="False" />
            <line number="40" hits="1" branch="True" condition-coverage="50% (1/2)">
              <conditions>
                <condition number="193" type="jump" coverage="50%" />
              </conditions>
            </line>
            <line number="41" hits="0" branch="False" />
            <line number="43" hits="1" branch="True" condition-coverage="50% (3/6)">
              <conditions>
                <condition number="219" type="jump" coverage="50%" />
                <condition number="227" type="jump" coverage="50%" />
                <condition number="244" type="jump" coverage="50%" />
              </conditions>
            </line>
            <line number="44" hits="0" branch="False" />
            <line number="45" hits="1" branch="False" />
          </lines>
        </class>
        <class name="BookStore.Domain.Entities.LivroAssunto" filename="BookStore.Domain/Entities/LivroAssunto.cs" line-rate="0.75" branch-rate="1" complexity="4">
          <methods>
            <method name="get_Livro_CodI" signature="()" line-rate="0" branch-rate="1" complexity="1">
              <lines>
                <line number="8" hits="0" branch="False" />
              </lines>
            </method>
            <method name="get_Assunto_CodAs" signature="()" line-rate="1" branch-rate="1" complexity="1">
              <lines>
                <line number="9" hits="1" branch="False" />
              </lines>
            </method>
            <method name="get_Livro" signature="()" line-rate="1" branch-rate="1" complexity="1">
              <lines>
                <line number="12" hits="1" branch="False" />
              </lines>
            </method>
            <method name="get_Assunto" signature="()" line-rate="1" branch-rate="1" complexity="1">
              <lines>
                <line number="13" hits="3" branch="False" />
              </lines>
            </method>
          </methods>
          <lines>
            <line number="8" hits="0" branch="False" />
            <line number="9" hits="1" branch="False" />
            <line number="12" hits="1" branch="False" />
            <line number="13" hits="3" branch="False" />
          </lines>
        </class>
        <class name="BookStore.Domain.Entities.LivroAutor" filename="BookStore.Domain/Entities/LivroAutor.cs" line-rate="0.75" branch-rate="1" complexity="4">
          <methods>
            <method name="get_Livro_CodI" signature="()" line-rate="0" branch-rate="1" complexity="1">
              <lines>
                <line number="8" hits="0" branch="False" />
              </lines>
            </method>
            <method name="get_Autor_CodAu" signature="()" line-rate="1" branch-rate="1" complexity="1">
              <lines>
                <line number="9" hits="1" branch="False" />
              </lines>
            </method>
            <method name="get_Livro" signature="()" line-rate="1" branch-rate="1" complexity="1">
              <lines>
                <line number="12" hits="1" branch="False" />
              </lines>
            </method>
            <method name="get_Autor" signature="()" line-rate="1" branch-rate="1" complexity="1">
              <lines>
                <line number="13" hits="3" branch="False" />
              </lines>
            </method>
          </methods>
          <lines>
            <line number="8" hits="0" branch="False" />
            <line number="9" hits="1" branch="False" />
            <line number="12" hits="1" branch="False" />
            <line number="13" hits="3" branch="False" />
          </lines>
        </class>
        <class name="BookStore.Domain.Entities.LivroPreco" filename="BookStore.Domain/Entities/LivroPreco.cs" line-rate="0.6666" branch-rate="0.5" complexity="10">
          <methods>
            <method name="get_CodLp" signature="()" line-rate="0" branch-rate="1" complexity="1">
              <lines>
                <line number="8" hits="0" branch="False" />
              </lines>
            </method>
            <method name="get_Livro_CodI" signature="()" line-rate="0" branch-rate="1" complexity="1">
              <lines>
                <line number="9" hits="0" branch="False" />
              </lines>
            </method>
            <method name="get_FormaCompra_CodFc" signature="()" line-rate="1" branch-rate="1" complexity="1">
              <lines>
                <line number="10" hits="1" branch="False" />
              </lines>
            </method>
            <method name="get_Valor" signature="()" line-rate="1" branch-rate="1" complexity="1">
              <lines>
                <line number="11" hits="4" branch="False" />
              </lines>
            </method>
            <method name="get_Livro" signature="()" line-rate="1" branch-rate="1" complexity="1">
              <lines>
                <line number="14" hits="1" branch="False" />
              </lines>
            </method>
            <method name="get_FormaCompra" signature="()" line-rate="1" branch-rate="1" complexity="1">
              <lines>
                <line number="15" hits="3" branch="False" />
              </lines>
            </method>
            <method name="Validate" signature="()" line-rate="0.6666" branch-rate="0.5" complexity="4">
              <lines>
                <line number="19" hits="1" branch="False" />
                <line number="20" hits="1" branch="True" condition-coverage="50% (1/2)">
                  <conditions>
                    <condition number="19" type="jump" coverage="50%" />
                  </conditions>
                </line>
                <line number="21" hits="0" branch="False" />
                <line number="23" hits="1" branch="True" condition-coverage="50% (1/2)">
                  <conditions>
                    <condition number="59" type="jump" coverage="50%" />
                  </conditions>
                </line>
                <line number="24" hits="0" branch="False" />
                <line number="25" hits="1" branch="False" />
              </lines>
            </method>
          </methods>
          <lines>
            <line number="8" hits="0" branch="False" />
            <line number="9" hits="0" branch="False" />
            <line number="10" hits="1" branch="False" />
            <line number="11" hits="4" branch="False" />
            <line number="14" hits="1" branch="False" />
            <line number="15" hits="3" branch="False" />
            <line number="19" hits="1" branch="False" />
            <line number="20" hits="1" branch="True" condition-coverage="50% (1/2)">
              <conditions>
                <condition number="19" type="jump" coverage="50%" />
              </conditions>
            </line>
            <line number="21" hits="0" branch="False" />
            <line number="23" hits="1" branch="True" condition-coverage="50% (1/2)">
              <conditions>
                <condition number="59" type="jump" coverage="50%" />
              </conditions>
            </line>
            <line number="24" hits="0" branch="False" />
            <line number="25" hits="1" branch="False" />
          </lines>
        </class>
        <class name="BookStore.Domain.Entities.Views.VwLivrosPorAutor" filename="BookStore.Domain/Entities/Views/VwLivrosPorAutor.cs" line-rate="0" branch-rate="1" complexity="9">
          <methods>
            <method name="get_LivroCodigo" signature="()" line-rate="0" branch-rate="1" complexity="1">
              <lines>
                <line number="8" hits="0" branch="False" />
              </lines>
            </method>
            <method name="get_LivroTitulo" signature="()" line-rate="0" branch-rate="1" complexity="1">
              <lines>
                <line number="9" hits="0" branch="False" />
              </lines>
            </method>
            <method name="get_Editora" signature="()" line-rate="0" branch-rate="1" complexity="1">
              <lines>
                <line number="10" hits="0" branch="False" />
              </lines>
            </method>
            <method name="get_Edicao" signature="()" line-rate="0" branch-rate="1" complexity="1">
              <lines>
                <line number="11" hits="0" branch="False" />
              </lines>
            </method>
            <method name="get_AnoPublicacao" signature="()" line-rate="0" branch-rate="1" complexity="1">
              <lines>
                <line number="12" hits="0" branch="False" />
              </lines>
            </method>
            <method name="get_AutorCodigo" signature="()" line-rate="0" branch-rate="1" complexity="1">
              <lines>
                <line number="13" hits="0" branch="False" />
              </lines>
            </method>
            <method name="get_AutorNome" signature="()" line-rate="0" branch-rate="1" complexity="1">
              <lines>
                <line number="14" hits="0" branch="False" />
              </lines>
            </method>
            <method name="get_Assuntos" signature="()" line-rate="0" branch-rate="1" complexity="1">
              <lines>
                <line number="15" hits="0" branch="False" />
              </lines>
            </method>
            <method name="get_FormasCompra" signature="()" line-rate="0" branch-rate="1" complexity="1">
              <lines>
                <line number="16" hits="0" branch="False" />
              </lines>
            </method>
          </methods>
          <lines>
            <line number="8" hits="0" branch="False" />
            <line number="9" hits="0" branch="False" />
            <line number="10" hits="0" branch="False" />
            <line number="11" hits="0" branch="False" />
            <line number="12" hits="0" branch="False" />
            <line number="13" hits="0" branch="False" />
            <line number="14" hits="0" branch="False" />
            <line number="15" hits="0" branch="False" />
            <line number="16" hits="0" branch="False" />
          </lines>
        </class>
      </classes>
    </package>
    <package name="BookStore.Infrastructure" line-rate="0.8784000000000001" branch-rate="0.5" complexity="58">
      <classes>
        <class name="BookStore.Infrastructure.DependencyInjection" filename="BookStore.Infrastructure/DependencyInjection.cs" line-rate="1" branch-rate="1" complexity="2">
          <methods>
            <method name="AddInfrastructure" signature="(Microsoft.Extensions.DependencyInjection.IServiceCollection,Microsoft.Extensions.Configuration.IConfiguration)" line-rate="1" branch-rate="1" complexity="2">
              <lines>
                <line number="16" hits="25" branch="False" />
                <line number="18" hits="25" branch="False" />
                <line number="20" hits="25" branch="False" />
                <line number="21" hits="85" branch="False" />
                <line number="22" hits="85" branch="False" />
                <line number="23" hits="85" branch="False" />
                <line number="24" hits="85" branch="False" />
                <line number="25" hits="85" branch="False" />
                <line number="26" hits="85" branch="False" />
                <line number="27" hits="85" branch="False" />
                <line number="28" hits="85" branch="False" />
                <line number="29" hits="170" branch="False" />
                <line number="30" hits="25" branch="False" />
                <line number="31" hits="25" branch="False" />
                <line number="32" hits="85" branch="True" condition-coverage="100% (2/2)">
                  <conditions>
                    <condition number="63" type="jump" coverage="100%" />
                  </conditions>
                </line>
                <line number="33" hits="85" branch="False" />
                <line number="34" hits="85" branch="False" />
                <line number="35" hits="85" branch="False" />
                <line number="36" hits="85" branch="False" />
                <line number="37" hits="110" branch="False" />
                <line number="40" hits="25" branch="False" />
                <line number="41" hits="25" branch="False" />
                <line number="42" hits="25" branch="False" />
                <line number="43" hits="25" branch="False" />
                <line number="44" hits="25" branch="False" />
                <line number="47" hits="25" branch="False" />
                <line number="49" hits="25" branch="False" />
                <line number="50" hits="25" branch="False" />
              </lines>
            </method>
          </methods>
          <lines>
            <line number="16" hits="25" branch="False" />
            <line number="18" hits="25" branch="False" />
            <line number="20" hits="25" branch="False" />
            <line number="21" hits="85" branch="False" />
            <line number="22" hits="85" branch="False" />
            <line number="23" hits="85" branch="False" />
            <line number="24" hits="85" branch="False" />
            <line number="25" hits="85" branch="False" />
            <line number="26" hits="85" branch="False" />
            <line number="27" hits="85" branch="False" />
            <line number="28" hits="85" branch="False" />
            <line number="29" hits="170" branch="False" />
            <line number="30" hits="25" branch="False" />
            <line number="31" hits="25" branch="False" />
            <line number="32" hits="85" branch="True" condition-coverage="100% (2/2)">
              <conditions>
                <condition number="63" type="jump" coverage="100%" />
              </conditions>
            </line>
            <line number="33" hits="85" branch="False" />
            <line number="34" hits="85" branch="False" />
            <line number="35" hits="85" branch="False" />
            <line number="36" hits="85" branch="False" />
            <line number="37" hits="110" branch="False" />
            <line number="40" hits="25" branch="False" />
            <line number="41" hits="25" branch="False" />
            <line number="42" hits="25" branch="False" />
            <line number="43" hits="25" branch="False" />
            <line number="44" hits="25" branch="False" />
            <line number="47" hits="25" branch="False" />
            <line number="49" hits="25" branch="False" />
            <line number="50" hits="25" branch="False" />
          </lines>
        </class>
        <class name="BookStore.Infrastructure.DependencyInjection/&lt;ApplyMigrationsAsync&gt;d__1" filename="BookStore.Infrastructure/DependencyInjection.cs" line-rate="0.6363" branch-rate="1" complexity="1">
          <methods>
            <method name="MoveNext" signature="()" line-rate="0.6363" branch-rate="1" complexity="1">
              <lines>
                <line number="56" hits="25" branch="False" />
                <line number="57" hits="25" branch="False" />
                <line number="58" hits="25" branch="False" />
                <line number="61" hits="25" branch="False" />
                <line number="62" hits="25" branch="False" />
                <line number="63" hits="25" branch="False" />
                <line number="64" hits="0" branch="False" />
                <line number="65" hits="0" branch="False" />
                <line number="67" hits="0" branch="False" />
                <line number="68" hits="0" branch="False" />
                <line number="70" hits="25" branch="False" />
              </lines>
            </method>
          </methods>
          <lines>
            <line number="56" hits="25" branch="False" />
            <line number="57" hits="25" branch="False" />
            <line number="58" hits="25" branch="False" />
            <line number="61" hits="25" branch="False" />
            <line number="62" hits="25" branch="False" />
            <line number="63" hits="25" branch="False" />
            <line number="64" hits="0" branch="False" />
            <line number="65" hits="0" branch="False" />
            <line number="67" hits="0" branch="False" />
            <line number="68" hits="0" branch="False" />
            <line number="70" hits="25" branch="False" />
          </lines>
        </class>
        <class name="BookStore.Infrastructure.Repositories.AssuntoRepository" filename="BookStore.Infrastructure/Repositories/AssuntoRepository.cs" line-rate="1" branch-rate="1" complexity="1">
          <methods>
            <method name=".ctor" signature="(BookStore.Infrastructure.Data.BookStoreDbContext)" line-rate="1" branch-rate="1" complexity="1">
              <lines>
                <line number="13" hits="12" branch="False" />
                <line number="14" hits="12" branch="False" />
                <line number="15" hits="12" branch="False" />
              </lines>
            </method>
          </methods>
          <lines>
            <line number="13" hits="12" branch="False" />
            <line number="14" hits="12" branch="False" />
            <line number="15" hits="12" branch="False" />
          </lines>
        </class>
        <class name="BookStore.Infrastructure.Repositories.AssuntoRepository/&lt;GetByIdWithBooksAsync&gt;d__2" filename="BookStore.Infrastructure/Repositories/AssuntoRepository.cs" line-rate="0" branch-rate="1" complexity="1">
          <methods>
            <method name="MoveNext" signature="()" line-rate="0" branch-rate="1" complexity="1">
              <lines>
                <line number="25" hits="0" branch="False" />
                <line number="26" hits="0" branch="False" />
                <line number="27" hits="0" branch="False" />
                <line number="28" hits="0" branch="False" />
                <line number="29" hits="0" branch="False" />
                <line number="30" hits="0" branch="False" />
              </lines>
            </method>
          </methods>
          <lines>
            <line number="25" hits="0" branch="False" />
            <line number="26" hits="0" branch="False" />
            <line number="27" hits="0" branch="False" />
            <line number="28" hits="0" branch="False" />
            <line number="29" hits="0" branch="False" />
            <line number="30" hits="0" branch="False" />
          </lines>
        </class>
        <class name="BookStore.Infrastructure.Repositories.AssuntoRepository/&lt;SearchByDescriptionAsync&gt;d__1" filename="BookStore.Infrastructure/Repositories/AssuntoRepository.cs" line-rate="0" branch-rate="1" complexity="1">
          <methods>
            <method name="MoveNext" signature="()" line-rate="0" branch-rate="1" complexity="1">
              <lines>
                <line number="18" hits="0" branch="False" />
                <line number="19" hits="0" branch="False" />
                <line number="20" hits="0" branch="False" />
                <line number="21" hits="0" branch="False" />
                <line number="22" hits="0" branch="False" />
              </lines>
            </method>
          </methods>
          <lines>
            <line number="18" hits="0" branch="False" />
            <line number="19" hits="0" branch="False" />
            <line number="20" hits="0" branch="False" />
            <line number="21" hits="0" branch="False" />
            <line number="22" hits="0" branch="False" />
          </lines>
        </class>
        <class name="BookStore.Infrastructure.Repositories.AutorRepository" filename="BookStore.Infrastructure/Repositories/AutorRepository.cs" line-rate="1" branch-rate="1" complexity="1">
          <methods>
            <method name=".ctor" signature="(BookStore.Infrastructure.Data.BookStoreDbContext)" line-rate="1" branch-rate="1" complexity="1">
              <lines>
                <line number="13" hits="16" branch="False" />
                <line number="14" hits="16" branch="False" />
                <line number="15" hits="16" branch="False" />
              </lines>
            </method>
          </methods>
          <lines>
            <line number="13" hits="16" branch="False" />
            <line number="14" hits="16" branch="False" />
            <line number="15" hits="16" branch="False" />
          </lines>
        </class>
        <class name="BookStore.Infrastructure.Repositories.AutorRepository/&lt;GetByIdWithBooksAsync&gt;d__2" filename="BookStore.Infrastructure/Repositories/AutorRepository.cs" line-rate="0" branch-rate="1" complexity="1">
          <methods>
            <method name="MoveNext" signature="()" line-rate="0" branch-rate="1" complexity="1">
              <lines>
                <line number="25" hits="0" branch="False" />
                <line number="26" hits="0" branch="False" />
                <line number="27" hits="0" branch="False" />
                <line number="28" hits="0" branch="False" />
                <line number="29" hits="0" branch="False" />
                <line number="30" hits="0" branch="False" />
              </lines>
            </method>
          </methods>
          <lines>
            <line number="25" hits="0" branch="False" />
            <line number="26" hits="0" branch="False" />
            <line number="27" hits="0" branch="False" />
            <line number="28" hits="0" branch="False" />
            <line number="29" hits="0" branch="False" />
            <line number="30" hits="0" branch="False" />
          </lines>
        </class>
        <class name="BookStore.Infrastructure.Repositories.AutorRepository/&lt;SearchByNameAsync&gt;d__1" filename="BookStore.Infrastructure/Repositories/AutorRepository.cs" line-rate="0" branch-rate="1" complexity="1">
          <methods>
            <method name="MoveNext" signature="()" line-rate="0" branch-rate="1" complexity="1">
              <lines>
                <line number="18" hits="0" branch="False" />
                <line number="19" hits="0" branch="False" />
                <line number="20" hits="0" branch="False" />
                <line number="21" hits="0" branch="False" />
                <line number="22" hits="0" branch="False" />
              </lines>
            </method>
          </methods>
          <lines>
            <line number="18" hits="0" branch="False" />
            <line number="19" hits="0" branch="False" />
            <line number="20" hits="0" branch="False" />
            <line number="21" hits="0" branch="False" />
            <line number="22" hits="0" branch="False" />
          </lines>
        </class>
        <class name="BookStore.Infrastructure.Repositories.FormaCompraRepository" filename="BookStore.Infrastructure/Repositories/FormaCompraRepository.cs" line-rate="1" branch-rate="1" complexity="1">
          <methods>
            <method name=".ctor" signature="(BookStore.Infrastructure.Data.BookStoreDbContext)" line-rate="1" branch-rate="1" complexity="1">
              <lines>
                <line number="13" hits="13" branch="False" />
                <line number="14" hits="13" branch="False" />
                <line number="15" hits="13" branch="False" />
              </lines>
            </method>
          </methods>
          <lines>
            <line number="13" hits="13" branch="False" />
            <line number="14" hits="13" branch="False" />
            <line number="15" hits="13" branch="False" />
          </lines>
        </class>
        <class name="BookStore.Infrastructure.Repositories.FormaCompraRepository/&lt;GetByDescriptionAsync&gt;d__1" filename="BookStore.Infrastructure/Repositories/FormaCompraRepository.cs" line-rate="0" branch-rate="1" complexity="1">
          <methods>
            <method name="MoveNext" signature="()" line-rate="0" branch-rate="1" complexity="1">
              <lines>
                <line number="18" hits="0" branch="False" />
                <line number="19" hits="0" branch="False" />
                <line number="20" hits="0" branch="False" />
                <line number="21" hits="0" branch="False" />
              </lines>
            </method>
          </methods>
          <lines>
            <line number="18" hits="0" branch="False" />
            <line number="19" hits="0" branch="False" />
            <line number="20" hits="0" branch="False" />
            <line number="21" hits="0" branch="False" />
          </lines>
        </class>
        <class name="BookStore.Infrastructure.Repositories.LivroRepository" filename="BookStore.Infrastructure/Repositories/LivroRepository.cs" line-rate="1" branch-rate="1" complexity="1">
          <methods>
            <method name=".ctor" signature="(BookStore.Infrastructure.Data.BookStoreDbContext)" line-rate="1" branch-rate="1" complexity="1">
              <lines>
                <line number="13" hits="3" branch="False" />
                <line number="14" hits="3" branch="False" />
                <line number="15" hits="3" branch="False" />
              </lines>
            </method>
          </methods>
          <lines>
            <line number="13" hits="3" branch="False" />
            <line number="14" hits="3" branch="False" />
            <line number="15" hits="3" branch="False" />
          </lines>
        </class>
        <class name="BookStore.Infrastructure.Repositories.LivroRepository/&lt;GetByAuthorAsync&gt;d__6" filename="BookStore.Infrastructure/Repositories/LivroRepository.cs" line-rate="0" branch-rate="1" complexity="1">
          <methods>
            <method name="MoveNext" signature="()" line-rate="0" branch-rate="1" complexity="1">
              <lines>
                <line number="75" hits="0" branch="False" />
                <line number="76" hits="0" branch="False" />
                <line number="77" hits="0" branch="False" />
                <line number="78" hits="0" branch="False" />
                <line number="79" hits="0" branch="False" />
                <line number="80" hits="0" branch="False" />
                <line number="81" hits="0" branch="False" />
                <line number="82" hits="0" branch="False" />
                <line number="83" hits="0" branch="False" />
              </lines>
            </method>
          </methods>
          <lines>
            <line number="75" hits="0" branch="False" />
            <line number="76" hits="0" branch="False" />
            <line number="77" hits="0" branch="False" />
            <line number="78" hits="0" branch="False" />
            <line number="79" hits="0" branch="False" />
            <line number="80" hits="0" branch="False" />
            <line number="81" hits="0" branch="False" />
            <line number="82" hits="0" branch="False" />
            <line number="83" hits="0" branch="False" />
          </lines>
        </class>
        <class name="BookStore.Infrastructure.Repositories.LivroRepository/&lt;GetByIdAsync&gt;d__1" filename="BookStore.Infrastructure/Repositories/LivroRepository.cs" line-rate="1" branch-rate="1" complexity="1">
          <methods>
            <method name="MoveNext" signature="()" line-rate="1" branch-rate="1" complexity="1">
              <lines>
                <line number="18" hits="2" branch="False" />
                <line number="19" hits="2" branch="False" />
                <line number="20" hits="2" branch="False" />
                <line number="21" hits="2" branch="False" />
                <line number="22" hits="2" branch="False" />
                <line number="23" hits="2" branch="False" />
                <line number="24" hits="2" branch="False" />
                <line number="25" hits="2" branch="False" />
                <line number="26" hits="2" branch="False" />
                <line number="27" hits="2" branch="False" />
              </lines>
            </method>
          </methods>
          <lines>
            <line number="18" hits="2" branch="False" />
            <line number="19" hits="2" branch="False" />
            <line number="20" hits="2" branch="False" />
            <line number="21" hits="2" branch="False" />
            <line number="22" hits="2" branch="False" />
            <line number="23" hits="2" branch="False" />
            <line number="24" hits="2" branch="False" />
            <line number="25" hits="2" branch="False" />
            <line number="26" hits="2" branch="False" />
            <line number="27" hits="2" branch="False" />
          </lines>
        </class>
        <class name="BookStore.Infrastructure.Repositories.LivroRepository/&lt;GetByIdWithDetailsAsync&gt;d__4" filename="BookStore.Infrastructure/Repositories/LivroRepository.cs" line-rate="1" branch-rate="1" complexity="1">
          <methods>
            <method name="MoveNext" signature="()" line-rate="1" branch-rate="1" complexity="1">
              <lines>
                <line number="59" hits="2" branch="False" />
                <line number="60" hits="2" branch="False" />
                <line number="61" hits="2" branch="False" />
              </lines>
            </method>
          </methods>
          <lines>
            <line number="59" hits="2" branch="False" />
            <line number="60" hits="2" branch="False" />
            <line number="61" hits="2" branch="False" />
          </lines>
        </class>
        <class name="BookStore.Infrastructure.Repositories.LivroRepository/&lt;GetBySubjectAsync&gt;d__7" filename="BookStore.Infrastructure/Repositories/LivroRepository.cs" line-rate="0" branch-rate="1" complexity="1">
          <methods>
            <method name="MoveNext" signature="()" line-rate="0" branch-rate="1" complexity="1">
              <lines>
                <line number="86" hits="0" branch="False" />
                <line number="87" hits="0" branch="False" />
                <line number="88" hits="0" branch="False" />
                <line number="89" hits="0" branch="False" />
                <line number="90" hits="0" branch="False" />
                <line number="91" hits="0" branch="False" />
                <line number="92" hits="0" branch="False" />
                <line number="93" hits="0" branch="False" />
                <line number="94" hits="0" branch="False" />
              </lines>
            </method>
          </methods>
          <lines>
            <line number="86" hits="0" branch="False" />
            <line number="87" hits="0" branch="False" />
            <line number="88" hits="0" branch="False" />
            <line number="89" hits="0" branch="False" />
            <line number="90" hits="0" branch="False" />
            <line number="91" hits="0" branch="False" />
            <line number="92" hits="0" branch="False" />
            <line number="93" hits="0" branch="False" />
            <line number="94" hits="0" branch="False" />
          </lines>
        </class>
        <class name="BookStore.Infrastructure.Repositories.LivroRepository/&lt;GetPagedAsync&gt;d__2" filename="BookStore.Infrastructure/Repositories/LivroRepository.cs" line-rate="0" branch-rate="1" complexity="1">
          <methods>
            <method name="MoveNext" signature="()" line-rate="0" branch-rate="1" complexity="1">
              <lines>
                <line number="30" hits="0" branch="False" />
                <line number="31" hits="0" branch="False" />
                <line number="32" hits="0" branch="False" />
                <line number="33" hits="0" branch="False" />
                <line number="34" hits="0" branch="False" />
                <line number="35" hits="0" branch="False" />
                <line number="36" hits="0" branch="False" />
                <line number="37" hits="0" branch="False" />
                <line number="38" hits="0" branch="False" />
                <line number="39" hits="0" branch="False" />
                <line number="40" hits="0" branch="False" />
                <line number="41" hits="0" branch="False" />
                <line number="43" hits="0" branch="False" />
                <line number="44" hits="0" branch="False" />
              </lines>
            </method>
          </methods>
          <lines>
            <line number="30" hits="0" branch="False" />
            <line number="31" hits="0" branch="False" />
            <line number="32" hits="0" branch="False" />
            <line number="33" hits="0" branch="False" />
            <line number="34" hits="0" branch="False" />
            <line number="35" hits="0" branch="False" />
            <line number="36" hits="0" branch="False" />
            <line number="37" hits="0" branch="False" />
            <line number="38" hits="0" branch="False" />
            <line number="39" hits="0" branch="False" />
            <line number="40" hits="0" branch="False" />
            <line number="41" hits="0" branch="False" />
            <line number="43" hits="0" branch="False" />
            <line number="44" hits="0" branch="False" />
          </lines>
        </class>
        <class name="BookStore.Infrastructure.Repositories.LivroRepository/&lt;GetWithAuthorsAndSubjectsAsync&gt;d__3" filename="BookStore.Infrastructure/Repositories/LivroRepository.cs" line-rate="0" branch-rate="1" complexity="1">
          <methods>
            <method name="MoveNext" signature="()" line-rate="0" branch-rate="1" complexity="1">
              <lines>
                <line number="47" hits="0" branch="False" />
                <line number="48" hits="0" branch="False" />
                <line number="49" hits="0" branch="False" />
                <line number="50" hits="0" branch="False" />
                <line number="51" hits="0" branch="False" />
                <line number="52" hits="0" branch="False" />
                <line number="53" hits="0" branch="False" />
                <line number="54" hits="0" branch="False" />
                <line number="55" hits="0" branch="False" />
                <line number="56" hits="0" branch="False" />
              </lines>
            </method>
          </methods>
          <lines>
            <line number="47" hits="0" branch="False" />
            <line number="48" hits="0" branch="False" />
            <line number="49" hits="0" branch="False" />
            <line number="50" hits="0" branch="False" />
            <line number="51" hits="0" branch="False" />
            <line number="52" hits="0" branch="False" />
            <line number="53" hits="0" branch="False" />
            <line number="54" hits="0" branch="False" />
            <line number="55" hits="0" branch="False" />
            <line number="56" hits="0" branch="False" />
          </lines>
        </class>
        <class name="BookStore.Infrastructure.Repositories.LivroRepository/&lt;SearchByTitleAsync&gt;d__5" filename="BookStore.Infrastructure/Repositories/LivroRepository.cs" line-rate="0" branch-rate="1" complexity="1">
          <methods>
            <method name="MoveNext" signature="()" line-rate="0" branch-rate="1" complexity="1">
              <lines>
                <line number="64" hits="0" branch="False" />
                <line number="65" hits="0" branch="False" />
                <line number="66" hits="0" branch="False" />
                <line number="67" hits="0" branch="False" />
                <line number="68" hits="0" branch="False" />
                <line number="69" hits="0" branch="False" />
                <line number="70" hits="0" branch="False" />
                <line number="71" hits="0" branch="False" />
                <line number="72" hits="0" branch="False" />
              </lines>
            </method>
          </methods>
          <lines>
            <line number="64" hits="0" branch="False" />
            <line number="65" hits="0" branch="False" />
            <line number="66" hits="0" branch="False" />
            <line number="67" hits="0" branch="False" />
            <line number="68" hits="0" branch="False" />
            <line number="69" hits="0" branch="False" />
            <line number="70" hits="0" branch="False" />
            <line number="71" hits="0" branch="False" />
            <line number="72" hits="0" branch="False" />
          </lines>
        </class>
        <class name="BookStore.Infrastructure.Repositories.ReportRepository" filename="BookStore.Infrastructure/Repositories/ReportRepository.cs" line-rate="0" branch-rate="1" complexity="1">
          <methods>
            <method name=".ctor" signature="(BookStore.Infrastructure.Data.BookStoreDbContext)" line-rate="0" branch-rate="1" complexity="1">
              <lines>
                <line number="15" hits="0" branch="False" />
                <line number="16" hits="0" branch="False" />
                <line number="17" hits="0" branch="False" />
                <line number="18" hits="0" branch="False" />
              </lines>
            </method>
          </methods>
          <lines>
            <line number="15" hits="0" branch="False" />
            <line number="16" hits="0" branch="False" />
            <line number="17" hits="0" branch="False" />
            <line number="18" hits="0" branch="False" />
          </lines>
        </class>
        <class name="BookStore.Infrastructure.Repositories.ReportRepository/&lt;&gt;c" filename="BookStore.Infrastructure/Repositories/ReportRepository.cs" line-rate="0" branch-rate="0" complexity="4">
          <methods>
            <method name="&lt;GetBooksByAuthorReportAsync&gt;b__2_0" signature="(BookStore.Domain.Entities.Views.VwLivrosPorAutor)" line-rate="0" branch-rate="0" complexity="4">
              <lines>
                <line number="28" hits="0" branch="True" condition-coverage="0% (0/4)">
                  <conditions>
                    <condition number="104" type="jump" coverage="0%" />
                    <condition number="126" type="jump" coverage="0%" />
                  </conditions>
                </line>
                <line number="29" hits="0" branch="False" />
                <line number="30" hits="0" branch="False" />
                <line number="31" hits="0" branch="False" />
                <line number="32" hits="0" branch="False" />
                <line number="33" hits="0" branch="False" />
                <line number="34" hits="0" branch="False" />
                <line number="35" hits="0" branch="False" />
                <line number="36" hits="0" branch="False" />
                <line number="37" hits="0" branch="False" />
                <line number="38" hits="0" branch="False" />
                <line number="39" hits="0" branch="False" />
              </lines>
            </method>
          </methods>
          <lines>
            <line number="28" hits="0" branch="True" condition-coverage="0% (0/4)">
              <conditions>
                <condition number="104" type="jump" coverage="0%" />
                <condition number="126" type="jump" coverage="0%" />
              </conditions>
            </line>
            <line number="29" hits="0" branch="False" />
            <line number="30" hits="0" branch="False" />
            <line number="31" hits="0" branch="False" />
            <line number="32" hits="0" branch="False" />
            <line number="33" hits="0" branch="False" />
            <line number="34" hits="0" branch="False" />
            <line number="35" hits="0" branch="False" />
            <line number="36" hits="0" branch="False" />
            <line number="37" hits="0" branch="False" />
            <line number="38" hits="0" branch="False" />
            <line number="39" hits="0" branch="False" />
          </lines>
        </class>
        <class name="BookStore.Infrastructure.Repositories.ReportRepository/&lt;GetBooksByAuthorReportAsync&gt;d__2" filename="BookStore.Infrastructure/Repositories/ReportRepository.cs" line-rate="0" branch-rate="1" complexity="1">
          <methods>
            <method name="MoveNext" signature="()" line-rate="0" branch-rate="1" complexity="1">
              <lines>
                <line number="21" hits="0" branch="False" />
                <line number="23" hits="0" branch="False" />
                <line number="24" hits="0" branch="False" />
                <line number="25" hits="0" branch="False" />
                <line number="41" hits="0" branch="False" />
                <line number="42" hits="0" branch="False" />
              </lines>
            </method>
          </methods>
          <lines>
            <line number="21" hits="0" branch="False" />
            <line number="23" hits="0" branch="False" />
            <line number="24" hits="0" branch="False" />
            <line number="25" hits="0" branch="False" />
            <line number="41" hits="0" branch="False" />
            <line number="42" hits="0" branch="False" />
          </lines>
        </class>
        <class name="BookStore.Infrastructure.Repositories.Repository`1" filename="BookStore.Infrastructure/Repositories/Repository.cs" line-rate="1" branch-rate="1" complexity="1">
          <methods>
            <method name=".ctor" signature="(BookStore.Infrastructure.Data.BookStoreDbContext)" line-rate="1" branch-rate="1" complexity="1">
              <lines>
                <line number="16" hits="44" branch="False" />
                <line number="17" hits="44" branch="False" />
                <line number="18" hits="44" branch="False" />
                <line number="19" hits="44" branch="False" />
                <line number="20" hits="44" branch="False" />
              </lines>
            </method>
          </methods>
          <lines>
            <line number="16" hits="44" branch="False" />
            <line number="17" hits="44" branch="False" />
            <line number="18" hits="44" branch="False" />
            <line number="19" hits="44" branch="False" />
            <line number="20" hits="44" branch="False" />
          </lines>
        </class>
        <class name="BookStore.Infrastructure.Repositories.Repository`1/&lt;AddAsync&gt;d__6" filename="BookStore.Infrastructure/Repositories/Repository.cs" line-rate="1" branch-rate="1" complexity="1">
          <methods>
            <method name="MoveNext" signature="()" line-rate="1" branch-rate="1" complexity="1">
              <lines>
                <line number="44" hits="16" branch="False" />
                <line number="45" hits="16" branch="False" />
                <line number="46" hits="16" branch="False" />
                <line number="47" hits="16" branch="False" />
                <line number="48" hits="16" branch="False" />
              </lines>
            </method>
          </methods>
          <lines>
            <line number="44" hits="16" branch="False" />
            <line number="45" hits="16" branch="False" />
            <line number="46" hits="16" branch="False" />
            <line number="47" hits="16" branch="False" />
            <line number="48" hits="16" branch="False" />
          </lines>
        </class>
        <class name="BookStore.Infrastructure.Repositories.Repository`1/&lt;DeleteAsync&gt;d__8" filename="BookStore.Infrastructure/Repositories/Repository.cs" line-rate="1" branch-rate="1" complexity="2">
          <methods>
            <method name="MoveNext" signature="()" line-rate="1" branch-rate="1" complexity="2">
              <lines>
                <line number="57" hits="3" branch="False" />
                <line number="58" hits="3" branch="False" />
                <line number="59" hits="3" branch="True" condition-coverage="100% (2/2)">
                  <conditions>
                    <condition number="178" type="jump" coverage="100%" />
                  </conditions>
                </line>
                <line number="60" hits="3" branch="False" />
                <line number="61" hits="3" branch="False" />
                <line number="62" hits="3" branch="False" />
                <line number="63" hits="3" branch="False" />
                <line number="64" hits="3" branch="False" />
              </lines>
            </method>
          </methods>
          <lines>
            <line number="57" hits="3" branch="False" />
            <line number="58" hits="3" branch="False" />
            <line number="59" hits="3" branch="True" condition-coverage="100% (2/2)">
              <conditions>
                <condition number="178" type="jump" coverage="100%" />
              </conditions>
            </line>
            <line number="60" hits="3" branch="False" />
            <line number="61" hits="3" branch="False" />
            <line number="62" hits="3" branch="False" />
            <line number="63" hits="3" branch="False" />
            <line number="64" hits="3" branch="False" />
          </lines>
        </class>
        <class name="BookStore.Infrastructure.Repositories.Repository`1/&lt;ExistsAsync&gt;d__9" filename="BookStore.Infrastructure/Repositories/Repository.cs" line-rate="1" branch-rate="1" complexity="1">
          <methods>
            <method name="MoveNext" signature="()" line-rate="1" branch-rate="1" complexity="1">
              <lines>
                <line number="67" hits="6" branch="False" />
                <line number="68" hits="6" branch="False" />
                <line number="69" hits="6" branch="False" />
              </lines>
            </method>
          </methods>
          <lines>
            <line number="67" hits="6" branch="False" />
            <line number="68" hits="6" branch="False" />
            <line number="69" hits="6" branch="False" />
          </lines>
        </class>
        <class name="BookStore.Infrastructure.Repositories.Repository`1/&lt;GetAllAsync&gt;d__4" filename="BookStore.Infrastructure/Repositories/Repository.cs" line-rate="1" branch-rate="1" complexity="1">
          <methods>
            <method name="MoveNext" signature="()" line-rate="1" branch-rate="1" complexity="1">
              <lines>
                <line number="28" hits="3" branch="False" />
                <line number="29" hits="3" branch="False" />
                <line number="30" hits="3" branch="False" />
              </lines>
            </method>
          </methods>
          <lines>
            <line number="28" hits="3" branch="False" />
            <line number="29" hits="3" branch="False" />
            <line number="30" hits="3" branch="False" />
          </lines>
        </class>
        <class name="BookStore.Infrastructure.Repositories.Repository`1/&lt;GetByIdAsync&gt;d__3" filename="BookStore.Infrastructure/Repositories/Repository.cs" line-rate="1" branch-rate="1" complexity="1">
          <methods>
            <method name="MoveNext" signature="()" line-rate="1" branch-rate="1" complexity="1">
              <lines>
                <line number="23" hits="13" branch="False" />
                <line number="24" hits="13" branch="False" />
                <line number="25" hits="13" branch="False" />
              </lines>
            </method>
          </methods>
          <lines>
            <line number="23" hits="13" branch="False" />
            <line number="24" hits="13" branch="False" />
            <line number="25" hits="13" branch="False" />
          </lines>
        </class>
        <class name="BookStore.Infrastructure.Repositories.Repository`1/&lt;GetPagedAsync&gt;d__5" filename="BookStore.Infrastructure/Repositories/Repository.cs" line-rate="0" branch-rate="1" complexity="1">
          <methods>
            <method name="MoveNext" signature="()" line-rate="0" branch-rate="1" complexity="1">
              <lines>
                <line number="33" hits="0" branch="False" />
                <line number="34" hits="0" branch="False" />
                <line number="35" hits="0" branch="False" />
                <line number="36" hits="0" branch="False" />
                <line number="37" hits="0" branch="False" />
                <line number="38" hits="0" branch="False" />
                <line number="40" hits="0" branch="False" />
                <line number="41" hits="0" branch="False" />
              </lines>
            </method>
          </methods>
          <lines>
            <line number="33" hits="0" branch="False" />
            <line number="34" hits="0" branch="False" />
            <line number="35" hits="0" branch="False" />
            <line number="36" hits="0" branch="False" />
            <line number="37" hits="0" branch="False" />
            <line number="38" hits="0" branch="False" />
            <line number="40" hits="0" branch="False" />
            <line number="41" hits="0" branch="False" />
          </lines>
        </class>
        <class name="BookStore.Infrastructure.Repositories.Repository`1/&lt;UpdateAsync&gt;d__7" filename="BookStore.Infrastructure/Repositories/Repository.cs" line-rate="1" branch-rate="1" complexity="1">
          <methods>
            <method name="MoveNext" signature="()" line-rate="1" branch-rate="1" complexity="1">
              <lines>
                <line number="51" hits="3" branch="False" />
                <line number="52" hits="3" branch="False" />
                <line number="53" hits="3" branch="False" />
                <line number="54" hits="3" branch="False" />
              </lines>
            </method>
          </methods>
          <lines>
            <line number="51" hits="3" branch="False" />
            <line number="52" hits="3" branch="False" />
            <line number="53" hits="3" branch="False" />
            <line number="54" hits="3" branch="False" />
          </lines>
        </class>
        <class name="BookStore.Infrastructure.Migrations.InitialCreate" filename="BookStore.Infrastructure/Migrations/20251029032510_InitialCreate.cs" line-rate="0.9237000000000001" branch-rate="1" complexity="2">
          <methods>
            <method name="Up" signature="(Microsoft.EntityFrameworkCore.Migrations.MigrationBuilder)" line-rate="1" branch-rate="1" complexity="1">
              <lines>
                <line number="13" hits="50" branch="False" />
                <line number="14" hits="50" branch="False" />
                <line number="15" hits="50" branch="False" />
                <line number="16" hits="50" branch="False" />
                <line number="17" hits="50" branch="False" />
                <line number="18" hits="50" branch="False" />
                <line number="19" hits="50" branch="False" />
                <line number="20" hits="50" branch="False" />
                <line number="21" hits="50" branch="False" />
                <line number="22" hits="50" branch="False" />
                <line number="23" hits="50" branch="False" />
                <line number="24" hits="50" branch="False" />
                <line number="25" hits="100" branch="False" />
                <line number="27" hits="50" branch="False" />
                <line number="28" hits="50" branch="False" />
                <line number="29" hits="50" branch="False" />
                <line number="30" hits="50" branch="False" />
                <line number="31" hits="50" branch="False" />
                <line number="32" hits="50" branch="False" />
                <line number="33" hits="50" branch="False" />
                <line number="34" hits="50" branch="False" />
                <line number="35" hits="50" branch="False" />
                <line number="36" hits="50" branch="False" />
                <line number="37" hits="50" branch="False" />
                <line number="38" hits="100" branch="False" />
                <line number="40" hits="50" branch="False" />
                <line number="41" hits="50" branch="False" />
                <line number="42" hits="50" branch="False" />
                <line number="43" hits="50" branch="False" />
                <line number="44" hits="50" branch="False" />
                <line number="45" hits="50" branch="False" />
                <line number="46" hits="50" branch="False" />
                <line number="47" hits="50" branch="False" />
                <line number="48" hits="50" branch="False" />
                <line number="49" hits="50" branch="False" />
                <line number="50" hits="50" branch="False" />
                <line number="51" hits="100" branch="False" />
                <line number="53" hits="50" branch="False" />
                <line number="54" hits="50" branch="False" />
                <line number="55" hits="50" branch="False" />
                <line number="56" hits="50" branch="False" />
                <line number="57" hits="50" branch="False" />
                <line number="58" hits="50" branch="False" />
                <line number="59" hits="50" branch="False" />
                <line number="60" hits="50" branch="False" />
                <line number="61" hits="50" branch="False" />
                <line number="62" hits="50" branch="False" />
                <line number="63" hits="50" branch="False" />
                <line number="64" hits="50" branch="False" />
                <line number="65" hits="50" branch="False" />
                <line number="66" hits="50" branch="False" />
                <line number="67" hits="100" branch="False" />
                <line number="69" hits="50" branch="False" />
                <line number="70" hits="50" branch="False" />
                <line number="71" hits="50" branch="False" />
                <line number="72" hits="50" branch="False" />
                <line number="73" hits="50" branch="False" />
                <line number="74" hits="50" branch="False" />
                <line number="75" hits="50" branch="False" />
                <line number="76" hits="50" branch="False" />
                <line number="77" hits="50" branch="False" />
                <line number="78" hits="50" branch="False" />
                <line number="79" hits="50" branch="False" />
                <line number="80" hits="50" branch="False" />
                <line number="81" hits="50" branch="False" />
                <line number="82" hits="50" branch="False" />
                <line number="83" hits="50" branch="False" />
                <line number="84" hits="50" branch="False" />
                <line number="85" hits="50" branch="False" />
                <line number="86" hits="50" branch="False" />
                <line number="87" hits="50" branch="False" />
                <line number="88" hits="50" branch="False" />
                <line number="89" hits="50" branch="False" />
                <line number="90" hits="50" branch="False" />
                <line number="91" hits="100" branch="False" />
                <line number="93" hits="50" branch="False" />
                <line number="94" hits="50" branch="False" />
                <line number="95" hits="50" branch="False" />
                <line number="96" hits="50" branch="False" />
                <line number="97" hits="50" branch="False" />
                <line number="98" hits="50" branch="False" />
                <line number="99" hits="50" branch="False" />
                <line number="100" hits="50" branch="False" />
                <line number="101" hits="50" branch="False" />
                <line number="102" hits="50" branch="False" />
                <line number="103" hits="50" branch="False" />
                <line number="104" hits="50" branch="False" />
                <line number="105" hits="50" branch="False" />
                <line number="106" hits="50" branch="False" />
                <line number="107" hits="50" branch="False" />
                <line number="108" hits="50" branch="False" />
                <line number="109" hits="50" branch="False" />
                <line number="110" hits="50" branch="False" />
                <line number="111" hits="50" branch="False" />
                <line number="112" hits="50" branch="False" />
                <line number="113" hits="50" branch="False" />
                <line number="114" hits="50" branch="False" />
                <line number="115" hits="100" branch="False" />
                <line number="117" hits="50" branch="False" />
                <line number="118" hits="50" branch="False" />
                <line number="119" hits="50" branch="False" />
                <line number="120" hits="50" branch="False" />
                <line number="121" hits="50" branch="False" />
                <line number="122" hits="50" branch="False" />
                <line number="123" hits="50" branch="False" />
                <line number="124" hits="50" branch="False" />
                <line number="125" hits="50" branch="False" />
                <line number="126" hits="50" branch="False" />
                <line number="127" hits="50" branch="False" />
                <line number="128" hits="50" branch="False" />
                <line number="129" hits="50" branch="False" />
                <line number="130" hits="50" branch="False" />
                <line number="131" hits="50" branch="False" />
                <line number="132" hits="50" branch="False" />
                <line number="133" hits="50" branch="False" />
                <line number="134" hits="50" branch="False" />
                <line number="135" hits="50" branch="False" />
                <line number="136" hits="50" branch="False" />
                <line number="137" hits="50" branch="False" />
                <line number="138" hits="50" branch="False" />
                <line number="139" hits="50" branch="False" />
                <line number="140" hits="50" branch="False" />
                <line number="141" hits="50" branch="False" />
                <line number="142" hits="100" branch="False" />
                <line number="144" hits="50" branch="False" />
                <line number="145" hits="50" branch="False" />
                <line number="146" hits="50" branch="False" />
                <line number="147" hits="50" branch="False" />
                <line number="149" hits="50" branch="False" />
                <line number="150" hits="50" branch="False" />
                <line number="151" hits="50" branch="False" />
                <line number="152" hits="50" branch="False" />
                <line number="154" hits="50" branch="False" />
                <line number="155" hits="50" branch="False" />
                <line number="156" hits="50" branch="False" />
                <line number="157" hits="50" branch="False" />
                <line number="158" hits="50" branch="False" />
                <line number="160" hits="50" branch="False" />
                <line number="161" hits="50" branch="False" />
                <line number="162" hits="50" branch="False" />
                <line number="163" hits="50" branch="False" />
                <line number="165" hits="50" branch="False" />
                <line number="166" hits="50" branch="False" />
                <line number="167" hits="50" branch="False" />
                <line number="168" hits="50" branch="False" />
                <line number="170" hits="50" branch="False" />
                <line number="171" hits="50" branch="False" />
                <line number="172" hits="50" branch="False" />
                <line number="173" hits="50" branch="False" />
                <line number="175" hits="50" branch="False" />
                <line number="176" hits="50" branch="False" />
                <line number="177" hits="50" branch="False" />
                <line number="178" hits="50" branch="False" />
                <line number="180" hits="50" branch="False" />
                <line number="181" hits="50" branch="False" />
                <line number="182" hits="50" branch="False" />
                <line number="183" hits="50" branch="False" />
                <line number="185" hits="50" branch="False" />
                <line number="186" hits="50" branch="False" />
                <line number="187" hits="50" branch="False" />
                <line number="188" hits="50" branch="False" />
                <line number="190" hits="50" branch="False" />
                <line number="191" hits="50" branch="False" />
                <line number="192" hits="50" branch="False" />
                <line number="193" hits="50" branch="False" />
                <line number="195" hits="50" branch="False" />
                <line number="196" hits="50" branch="False" />
                <line number="197" hits="50" branch="False" />
                <line number="198" hits="50" branch="False" />
                <line number="199" hits="50" branch="False" />
                <line number="202" hits="50" branch="False" />
                <line number="203" hits="50" branch="False" />
                <line number="204" hits="50" branch="False" />
                <line number="205" hits="50" branch="False" />
                <line number="206" hits="50" branch="False" />
                <line number="207" hits="50" branch="False" />
                <line number="208" hits="50" branch="False" />
                <line number="209" hits="50" branch="False" />
                <line number="210" hits="50" branch="False" />
                <line number="211" hits="50" branch="False" />
                <line number="212" hits="50" branch="False" />
                <line number="213" hits="50" branch="False" />
                <line number="214" hits="50" branch="False" />
                <line number="215" hits="50" branch="False" />
[...]
              <lines>
                <line number="29" hits="5" branch="False" />
              </lines>
            </method>
          </methods>
          <lines>
            <line number="28" hits="6" branch="False" />
            <line number="29" hits="5" branch="False" />
          </lines>
        </class>
        <class name="BookStore.Application.DTOs.Livro.LivroResponseDto" filename="BookStore.Application/DTOs/Livro/LivroResponseDto.cs" line-rate="1" branch-rate="1" complexity="8">
          <methods>
            <method name="get_CodI" signature="()" line-rate="1" branch-rate="1" complexity="1">
              <lines>
                <line number="11" hits="5" branch="False" />
              </lines>
            </method>
            <method name="get_Titulo" signature="()" line-rate="1" branch-rate="1" complexity="1">
              <lines>
                <line number="12" hits="7" branch="False" />
              </lines>
            </method>
            <method name="get_Editora" signature="()" line-rate="1" branch-rate="1" complexity="1">
              <lines>
                <line number="13" hits="5" branch="False" />
              </lines>
            </method>
            <method name="get_Edicao" signature="()" line-rate="1" branch-rate="1" complexity="1">
              <lines>
                <line number="14" hits="3" branch="False" />
              </lines>
            </method>
            <method name="get_AnoPublicacao" signature="()" line-rate="1" branch-rate="1" complexity="1">
              <lines>
                <line number="15" hits="5" branch="False" />
              </lines>
            </method>
            <method name="get_Autores" signature="()" line-rate="1" branch-rate="1" complexity="1">
              <lines>
                <line number="18" hits="6" branch="False" />
              </lines>
            </method>
            <method name="get_Assuntos" signature="()" line-rate="1" branch-rate="1" complexity="1">
              <lines>
                <line number="21" hits="6" branch="False" />
              </lines>
            </method>
            <method name="get_Precos" signature="()" line-rate="1" branch-rate="1" complexity="1">
              <lines>
                <line number="24" hits="6" branch="False" />
              </lines>
            </method>
          </methods>
          <lines>
            <line number="11" hits="5" branch="False" />
            <line number="12" hits="7" branch="False" />
            <line number="13" hits="5" branch="False" />
            <line number="14" hits="3" branch="False" />
            <line number="15" hits="5" branch="False" />
            <line number="18" hits="6" branch="False" />
            <line number="21" hits="6" branch="False" />
            <line number="24" hits="6" branch="False" />
          </lines>
        </class>
        <class name="BookStore.Application.DTOs.Health.HealthCheckResponse" filename="BookStore.Application/DTOs/Health/HealthCheckResponse.cs" line-rate="0" branch-rate="1" complexity="4">
          <methods>
            <method name="get_Status" signature="()" line-rate="0" branch-rate="1" complexity="1">
              <lines>
                <line number="5" hits="0" branch="False" />
              </lines>
            </method>
            <method name="get_Database" signature="()" line-rate="0" branch-rate="1" complexity="1">
              <lines>
                <line number="6" hits="0" branch="False" />
              </lines>
            </method>
            <method name="get_ApiVersion" signature="()" line-rate="0" branch-rate="1" complexity="1">
              <lines>
                <line number="7" hits="0" branch="False" />
              </lines>
            </method>
            <method name="get_Timestamp" signature="()" line-rate="0" branch-rate="1" complexity="1">
              <lines>
                <line number="8" hits="0" branch="False" />
              </lines>
            </method>
          </methods>
          <lines>
            <line number="5" hits="0" branch="False" />
            <line number="6" hits="0" branch="False" />
            <line number="7" hits="0" branch="False" />
            <line number="8" hits="0" branch="False" />
          </lines>
        </class>
        <class name="BookStore.Application.DTOs.Health.DatabaseInfo" filename="BookStore.Application/DTOs/Health/HealthCheckResponse.cs" line-rate="0" branch-rate="1" complexity="8">
          <methods>
            <method name="get_Provider" signature="()" line-rate="0" branch-rate="1" complexity="1">
              <lines>
                <line number="13" hits="0" branch="False" />
              </lines>
            </method>
            <method name="get_Host" signature="()" line-rate="0" branch-rate="1" complexity="1">
              <lines>
                <line number="14" hits="0" branch="False" />
              </lines>
            </method>
            <method name="get_Port" signature="()" line-rate="0" branch-rate="1" complexity="1">
              <lines>
                <line number="15" hits="0" branch="False" />
              </lines>
            </method>
            <method name="get_DatabaseName" signature="()" line-rate="0" branch-rate="1" complexity="1">
              <lines>
                <line number="16" hits="0" branch="False" />
              </lines>
            </method>
            <method name="get_ConnectionUrl" signature="()" line-rate="0" branch-rate="1" complexity="1">
              <lines>
                <line number="17" hits="0" branch="False" />
              </lines>
            </method>
            <method name="get_IsConnected" signature="()" line-rate="0" branch-rate="1" complexity="1">
              <lines>
                <line number="18" hits="0" branch="False" />
              </lines>
            </method>
            <method name="get_ErrorMessage" signature="()" line-rate="0" branch-rate="1" complexity="1">
              <lines>
                <line number="19" hits="0" branch="False" />
              </lines>
            </method>
            <method name="get_ResponseTimeMs" signature="()" line-rate="0" branch-rate="1" complexity="1">
              <lines>
                <line number="20" hits="0" branch="False" />
              </lines>
            </method>
          </methods>
          <lines>
            <line number="13" hits="0" branch="False" />
            <line number="14" hits="0" branch="False" />
            <line number="15" hits="0" branch="False" />
            <line number="16" hits="0" branch="False" />
            <line number="17" hits="0" branch="False" />
            <line number="18" hits="0" branch="False" />
            <line number="19" hits="0" branch="False" />
            <line number="20" hits="0" branch="False" />
          </lines>
        </class>
        <class name="BookStore.Application.DTOs.FormaCompra.FormaCompraRequestDto" filename="BookStore.Application/DTOs/FormaCompra/FormaCompraRequestDto.cs" line-rate="1" branch-rate="1" complexity="1">
          <methods>
            <method name="get_Descricao" signature="()" line-rate="1" branch-rate="1" complexity="1">
              <lines>
                <line number="8" hits="48" branch="False" />
              </lines>
            </method>
          </methods>
          <lines>
            <line number="8" hits="48" branch="False" />
          </lines>
        </class>
        <class name="BookStore.Application.DTOs.FormaCompra.FormaCompraResponseDto" filename="BookStore.Application/DTOs/FormaCompra/FormaCompraResponseDto.cs" line-rate="1" branch-rate="1" complexity="2">
          <methods>
            <method name="get_CodFc" signature="()" line-rate="1" branch-rate="1" complexity="1">
              <lines>
                <line number="8" hits="31" branch="False" />
              </lines>
            </method>
            <method name="get_Descricao" signature="()" line-rate="1" branch-rate="1" complexity="1">
              <lines>
                <line number="9" hits="38" branch="False" />
              </lines>
            </method>
          </methods>
          <lines>
            <line number="8" hits="31" branch="False" />
            <line number="9" hits="38" branch="False" />
          </lines>
        </class>
        <class name="BookStore.Application.DTOs.Common.PagedRequest" filename="BookStore.Application/DTOs/Common/PagedRequest.cs" line-rate="0" branch-rate="0" complexity="9">
          <methods>
            <method name="get_PageNumber" signature="()" line-rate="0" branch-rate="1" complexity="1">
              <lines>
                <line number="10" hits="0" branch="False" />
              </lines>
            </method>
            <method name="set_PageNumber" signature="(System.Int32)" line-rate="0" branch-rate="0" complexity="2">
              <lines>
                <line number="11" hits="0" branch="True" condition-coverage="0% (0/2)">
                  <conditions>
                    <condition number="3" type="jump" coverage="0%" />
                  </conditions>
                </line>
              </lines>
            </method>
            <method name="get_PageSize" signature="()" line-rate="0" branch-rate="1" complexity="1">
              <lines>
                <line number="16" hits="0" branch="False" />
              </lines>
            </method>
            <method name="set_PageSize" signature="(System.Int32)" line-rate="0" branch-rate="0" complexity="4">
              <lines>
                <line number="17" hits="0" branch="True" condition-coverage="0% (0/4)">
                  <conditions>
                    <condition number="6" type="jump" coverage="0%" />
                    <condition number="11" type="jump" coverage="0%" />
                  </conditions>
                </line>
                <line number="18" hits="0" branch="False" />
                <line number="19" hits="0" branch="False" />
                <line number="20" hits="0" branch="False" />
                <line number="21" hits="0" branch="False" />
                <line number="22" hits="0" branch="False" />
              </lines>
            </method>
            <method name=".ctor" signature="()" line-rate="0" branch-rate="1" complexity="1">
              <lines>
                <line number="5" hits="0" branch="False" />
                <line number="6" hits="0" branch="False" />
              </lines>
            </method>
          </methods>
          <lines>
            <line number="10" hits="0" branch="False" />
            <line number="11" hits="0" branch="True" condition-coverage="0% (0/2)">
              <conditions>
                <condition number="3" type="jump" coverage="0%" />
              </conditions>
            </line>
            <line number="16" hits="0" branch="False" />
            <line number="17" hits="0" branch="True" condition-coverage="0% (0/4)">
              <conditions>
                <condition number="6" type="jump" coverage="0%" />
                <condition number="11" type="jump" coverage="0%" />
              </conditions>
            </line>
            <line number="18" hits="0" branch="False" />
            <line number="19" hits="0" branch="False" />
            <line number="20" hits="0" branch="False" />
            <line number="21" hits="0" branch="False" />
            <line number="22" hits="0" branch="False" />
            <line number="5" hits="0" branch="False" />
            <line number="6" hits="0" branch="False" />
          </lines>
        </class>
        <class name="BookStore.Application.DTOs.Common.PagedResponse`1" filename="BookStore.Application/DTOs/Common/PagedResponse.cs" line-rate="0" branch-rate="1" complexity="8">
          <methods>
            <method name="get_Data" signature="()" line-rate="0" branch-rate="1" complexity="1">
              <lines>
                <line number="14" hits="0" branch="False" />
              </lines>
            </method>
            <method name="get_PageNumber" signature="()" line-rate="0" branch-rate="1" complexity="1">
              <lines>
                <line number="15" hits="0" branch="False" />
              </lines>
            </method>
            <method name="get_PageSize" signature="()" line-rate="0" branch-rate="1" complexity="1">
              <lines>
                <line number="16" hits="0" branch="False" />
              </lines>
            </method>
            <method name="get_TotalRecords" signature="()" line-rate="0" branch-rate="1" complexity="1">
              <lines>
                <line number="17" hits="0" branch="False" />
              </lines>
            </method>
            <method name="get_TotalPages" signature="()" line-rate="0" branch-rate="1" complexity="1">
              <lines>
                <line number="18" hits="0" branch="False" />
              </lines>
            </method>
            <method name="get_HasPreviousPage" signature="()" line-rate="0" branch-rate="1" complexity="1">
              <lines>
                <line number="19" hits="0" branch="False" />
              </lines>
            </method>
            <method name="get_HasNextPage" signature="()" line-rate="0" branch-rate="1" complexity="1">
              <lines>
                <line number="20" hits="0" branch="False" />
              </lines>
            </method>
            <method name=".ctor" signature="(System.Collections.Generic.IEnumerable`1&lt;T&gt;,System.Int32,System.Int32,System.Int32)" line-rate="0" branch-rate="1" complexity="1">
              <lines>
                <line number="5" hits="0" branch="False" />
                <line number="6" hits="0" branch="False" />
                <line number="7" hits="0" branch="False" />
                <line number="8" hits="0" branch="False" />
                <line number="9" hits="0" branch="False" />
                <line number="10" hits="0" branch="False" />
                <line number="11" hits="0" branch="False" />
                <line number="12" hits="0" branch="False" />
              </lines>
            </method>
          </methods>
          <lines>
            <line number="14" hits="0" branch="False" />
            <line number="15" hits="0" branch="False" />
            <line number="16" hits="0" branch="False" />
            <line number="17" hits="0" branch="False" />
            <line number="18" hits="0" branch="False" />
            <line number="19" hits="0" branch="False" />
            <line number="20" hits="0" branch="False" />
            <line number="5" hits="0" branch="False" />
            <line number="6" hits="0" branch="False" />
            <line number="7" hits="0" branch="False" />
            <line number="8" hits="0" branch="False" />
            <line number="9" hits="0" branch="False" />
            <line number="10" hits="0" branch="False" />
            <line number="11" hits="0" branch="False" />
            <line number="12" hits="0" branch="False" />
          </lines>
        </class>
        <class name="BookStore.Application.DTOs.Autor.AutorRequestDto" filename="BookStore.Application/DTOs/Autor/AutorRequestDto.cs" line-rate="1" branch-rate="1" complexity="1">
          <methods>
            <method name="get_Nome" signature="()" line-rate="1" branch-rate="1" complexity="1">
              <lines>
                <line number="8" hits="55" branch="False" />
              </lines>
            </method>
          </methods>
          <lines>
            <line number="8" hits="55" branch="False" />
          </lines>
        </class>
        <class name="BookStore.Application.DTOs.Autor.AutorResponseDto" filename="BookStore.Application/DTOs/Autor/AutorResponseDto.cs" line-rate="1" branch-rate="1" complexity="2">
          <methods>
            <method name="get_CodAu" signature="()" line-rate="1" branch-rate="1" complexity="1">
              <lines>
                <line number="8" hits="37" branch="False" />
              </lines>
            </method>
            <method name="get_Nome" signature="()" line-rate="1" branch-rate="1" complexity="1">
              <lines>
                <line number="9" hits="43" branch="False" />
              </lines>
            </method>
          </methods>
          <lines>
            <line number="8" hits="37" branch="False" />
            <line number="9" hits="43" branch="False" />
          </lines>
        </class>
        <class name="BookStore.Application.DTOs.Auth.LoginRequestDto" filename="BookStore.Application/DTOs/Auth/LoginRequestDto.cs" line-rate="1" branch-rate="1" complexity="2">
          <methods>
            <method name="get_Username" signature="()" line-rate="1" branch-rate="1" complexity="1">
              <lines>
                <line number="8" hits="233" branch="False" />
              </lines>
            </method>
            <method name="get_Password" signature="()" line-rate="1" branch-rate="1" complexity="1">
              <lines>
                <line number="9" hits="190" branch="False" />
              </lines>
            </method>
          </methods>
          <lines>
            <line number="8" hits="233" branch="False" />
            <line number="9" hits="190" branch="False" />
          </lines>
        </class>
        <class name="BookStore.Application.DTOs.Auth.LoginResponseDto" filename="BookStore.Application/DTOs/Auth/LoginResponseDto.cs" line-rate="1" branch-rate="1" complexity="3">
          <methods>
            <method name="get_Token" signature="()" line-rate="1" branch-rate="1" complexity="1">
              <lines>
                <line number="8" hits="126" branch="False" />
              </lines>
            </method>
            <method name="get_Username" signature="()" line-rate="1" branch-rate="1" complexity="1">
              <lines>
                <line number="9" hits="106" branch="False" />
              </lines>
            </method>
            <method name="get_ExpiresAt" signature="()" line-rate="1" branch-rate="1" complexity="1">
              <lines>
                <line number="10" hits="64" branch="False" />
              </lines>
            </method>
          </methods>
          <lines>
            <line number="8" hits="126" branch="False" />
            <line number="9" hits="106" branch="False" />
            <line number="10" hits="64" branch="False" />
          </lines>
        </class>
        <class name="BookStore.Application.DTOs.Assunto.AssuntoRequestDto" filename="BookStore.Application/DTOs/Assunto/AssuntoRequestDto.cs" line-rate="1" branch-rate="1" complexity="1">
          <methods>
            <method name="get_Descricao" signature="()" line-rate="1" branch-rate="1" complexity="1">
              <lines>
                <line number="8" hits="48" branch="False" />
              </lines>
            </method>
          </methods>
          <lines>
            <line number="8" hits="48" branch="False" />
          </lines>
        </class>
        <class name="BookStore.Application.DTOs.Assunto.AssuntoResponseDto" filename="BookStore.Application/DTOs/Assunto/AssuntoResponseDto.cs" line-rate="1" branch-rate="1" complexity="2">
          <methods>
            <method name="get_CodAs" signature="()" line-rate="1" branch-rate="1" complexity="1">
              <lines>
                <line number="8" hits="37" branch="False" />
              </lines>
            </method>
            <method name="get_Descricao" signature="()" line-rate="1" branch-rate="1" complexity="1">
              <lines>
                <line number="9" hits="43" branch="False" />
              </lines>
            </method>
          </methods>
          <lines>
            <line number="8" hits="37" branch="False" />
            <line number="9" hits="43" branch="False" />
          </lines>
        </class>
      </classes>
    </package>
  </packages>
</coverage>